<?xml version="1.0" encoding="utf-8"?><testsuites><testsuite name="pytest" errors="0" failures="0" skipped="0" tests="9" time="1371.839" timestamp="2024-12-02T20:07:50.683801" hostname="ADAM-QA-01"><testcase classname="regression_test.TestUserEQs" name="test_user_eqs[Analog-Pg1]" time="47.965"><system-out>--------------------------------- Captured Log ---------------------------------

--------------------------------- Captured Out ---------------------------------

</system-out><system-err>--------------------------------- Captured Err ---------------------------------

</system-err></testcase><testcase classname="regression_test.TestUserEQs" name="test_user_eqs[Analog-Pg2]" time="177.713"><system-out>--------------------------------- Captured Log ---------------------------------

--------------------------------- Captured Out ---------------------------------

</system-out><system-err>--------------------------------- Captured Err ---------------------------------

</system-err></testcase><testcase classname="regression_test.TestUserEQs" name="test_user_eqs[Analog-Pg3]" time="151.985"><system-out>--------------------------------- Captured Log ---------------------------------

--------------------------------- Captured Out ---------------------------------

</system-out><system-err>--------------------------------- Captured Err ---------------------------------

</system-err></testcase><testcase classname="regression_test.TestUserEQs" name="test_user_eqs[AESL-Pg1]" time="215.356"><system-out>--------------------------------- Captured Log ---------------------------------

--------------------------------- Captured Out ---------------------------------

</system-out><system-err>--------------------------------- Captured Err ---------------------------------

</system-err></testcase><testcase classname="regression_test.TestUserEQs" name="test_user_eqs[AESL-Pg2]" time="141.626"><system-out>--------------------------------- Captured Log ---------------------------------

--------------------------------- Captured Out ---------------------------------

</system-out><system-err>--------------------------------- Captured Err ---------------------------------

</system-err></testcase><testcase classname="regression_test.TestUserEQs" name="test_user_eqs[AESL-Pg3]" time="161.422"><system-out>--------------------------------- Captured Log ---------------------------------

--------------------------------- Captured Out ---------------------------------

</system-out><system-err>--------------------------------- Captured Err ---------------------------------

</system-err></testcase><testcase classname="regression_test.TestUserEQs" name="test_user_eqs[AESR-Pg1]" time="153.556"><system-out>--------------------------------- Captured Log ---------------------------------

--------------------------------- Captured Out ---------------------------------

</system-out><system-err>--------------------------------- Captured Err ---------------------------------

</system-err></testcase><testcase classname="regression_test.TestUserEQs" name="test_user_eqs[AESR-Pg2]" time="183.529"><system-out>--------------------------------- Captured Log ---------------------------------

--------------------------------- Captured Out ---------------------------------

</system-out><system-err>--------------------------------- Captured Err ---------------------------------

</system-err></testcase><testcase classname="regression_test.TestUserEQs" name="test_user_eqs[AESR-Pg3]" time="135.436"><system-out>--------------------------------- Captured Log ---------------------------------

--------------------------------- Captured Out ---------------------------------

</system-out><system-err>--------------------------------- Captured Err ---------------------------------

</system-err></testcase></testsuite></testsuites>