<?xml version="1.0" encoding="utf-8"?><testsuites><testsuite name="pytest" errors="0" failures="0" skipped="3" tests="9" time="410.443" timestamp="2024-11-29T15:43:34.576674" hostname="ADAM-QA-01"><testcase classname="regression_test.TestFrequencyResponsePURE" name="test_frequency_response_pure_wf[Analog]" time="19.589"><system-out>--------------------------------- Captured Log ---------------------------------

--------------------------------- Captured Out ---------------------------------

</system-out><system-err>--------------------------------- Captured Err ---------------------------------

</system-err></testcase><testcase classname="regression_test.TestFrequencyResponsePURE" name="test_frequency_response_pure_wf[AESL]" time="73.097"><system-out>--------------------------------- Captured Log ---------------------------------

--------------------------------- Captured Out ---------------------------------

</system-out><system-err>--------------------------------- Captured Err ---------------------------------

</system-err></testcase><testcase classname="regression_test.TestFrequencyResponsePURE" name="test_frequency_response_pure_wf[AESR]" time="51.073"><system-out>--------------------------------- Captured Log ---------------------------------

--------------------------------- Captured Out ---------------------------------

</system-out><system-err>--------------------------------- Captured Err ---------------------------------

</system-err></testcase><testcase classname="regression_test.TestFrequencyResponsePURE" name="test_frequency_response_pure_tw[Analog]" time="97.364"><system-out>--------------------------------- Captured Log ---------------------------------

--------------------------------- Captured Out ---------------------------------

</system-out><system-err>--------------------------------- Captured Err ---------------------------------

</system-err></testcase><testcase classname="regression_test.TestFrequencyResponsePURE" name="test_frequency_response_pure_tw[AESL]" time="110.074"><system-out>--------------------------------- Captured Log ---------------------------------

--------------------------------- Captured Out ---------------------------------

</system-out><system-err>--------------------------------- Captured Err ---------------------------------

</system-err></testcase><testcase classname="regression_test.TestFrequencyResponsePURE" name="test_frequency_response_pure_tw[AESR]" time="56.067"><system-out>--------------------------------- Captured Log ---------------------------------

--------------------------------- Captured Out ---------------------------------

</system-out><system-err>--------------------------------- Captured Err ---------------------------------

</system-err></testcase><testcase classname="regression_test.TestFrequencyResponsePURE" name="test_frequency_response_pure_mr[Analog]" time="0.001"><skipped type="pytest.skip" message="Selected model does not have a midrange channel">C:\Users\ADAMQA\GitHub\ADAM-S-Serie-FW-Regression-Tests\regression_test.py:112: Selected model does not have a midrange channel</skipped><system-out>--------------------------------- Captured Log ---------------------------------

--------------------------------- Captured Out ---------------------------------

</system-out><system-err>--------------------------------- Captured Err ---------------------------------

</system-err><system-out>--------------------------------- Captured Log ---------------------------------

--------------------------------- Captured Out ---------------------------------

</system-out><system-err>--------------------------------- Captured Err ---------------------------------

</system-err></testcase><testcase classname="regression_test.TestFrequencyResponsePURE" name="test_frequency_response_pure_mr[AESL]" time="0.000"><skipped type="pytest.skip" message="Selected model does not have a midrange channel">C:\Users\ADAMQA\GitHub\ADAM-S-Serie-FW-Regression-Tests\regression_test.py:112: Selected model does not have a midrange channel</skipped><system-out>--------------------------------- Captured Log ---------------------------------

--------------------------------- Captured Out ---------------------------------

</system-out><system-err>--------------------------------- Captured Err ---------------------------------

</system-err><system-out>--------------------------------- Captured Log ---------------------------------

--------------------------------- Captured Out ---------------------------------

</system-out><system-err>--------------------------------- Captured Err ---------------------------------

</system-err></testcase><testcase classname="regression_test.TestFrequencyResponsePURE" name="test_frequency_response_pure_mr[AESR]" time="0.000"><skipped type="pytest.skip" message="Selected model does not have a midrange channel">C:\Users\ADAMQA\GitHub\ADAM-S-Serie-FW-Regression-Tests\regression_test.py:112: Selected model does not have a midrange channel</skipped><system-out>--------------------------------- Captured Log ---------------------------------

--------------------------------- Captured Out ---------------------------------

</system-out><system-err>--------------------------------- Captured Err ---------------------------------

</system-err><system-out>--------------------------------- Captured Log ---------------------------------

--------------------------------- Captured Out ---------------------------------

</system-out><system-err>--------------------------------- Captured Err ---------------------------------

</system-err></testcase></testsuite></testsuites>